<?xml version="1.0" encoding="UTF-8"?>
<!-- Generated by org.testng.reporters.JUnitReportReporter -->
<testsuite hostname="DESKTOP-LBNV72U" failures="0" tests="3" name="pac1.ContactTest" time="0.013" errors="0" timestamp="2025-01-31T09:56:44 IST" skipped="0">
  <testcase classname="pac1.ContactTest" name="modifycontactTest" time="0.001"/>
  <testcase classname="pac1.ContactTest" name="deletecontactTest" time="0.001"/>
  <testcase classname="pac1.ContactTest" name="createcontactTest" time="0.011"/>
</testsuite> <!-- pac1.ContactTest -->
