<?xml version="1.0" encoding="UTF-8"?>
<!-- Generated by org.testng.reporters.JUnitReportReporter -->
<testsuite hostname="DESKTOP-LBNV72U" failures="0" tests="2" name="pac1.ContactTest" time="0.014" errors="0" timestamp="2025-01-30T16:45:33 IST" skipped="0">
  <testcase classname="pac1.ContactTest" name="modifycontactTest" time="0.003"/>
  <testcase classname="pac1.ContactTest" name="createcontactTest" time="0.011"/>
</testsuite> <!-- pac1.ContactTest -->
