<?xml version="1.0" encoding="UTF-8"?>
<!-- Generated by org.testng.reporters.JUnitReportReporter -->
<testsuite hostname="DESKTOP-LBNV72U" failures="0" tests="2" name="pac2.OrgTest" time="0.002" errors="0" timestamp="2025-01-30T16:45:33 IST" skipped="0">
  <testcase classname="pac2.OrgTest" name="modifyorgTest" time="0.001"/>
  <testcase classname="pac2.OrgTest" name="createorgTest" time="0.001"/>
</testsuite> <!-- pac2.OrgTest -->
